31/04/2016-09:24:32 15 15 15 15 15 15 15 15 15 15 15 15 15 15 15 15 15 15 15 15 15 298.65 296.74 296.168 295.648 295.23 294.538 294.138 293.799 293.793 293.802 294.057 294.742 296.51 298.376 293.571 293.752 293.411 293.268 293.583 
31/04/2016-09:24:35 0 0 0 0 0 0 0 0 0 0 0 0 0 0 0 0 0 0 0 0 0 294.434 286.729 284.485 282.513 280.998 278.643 275.2 272.696 272.664 272.842 274.214 277.308 285.065 293.106 211.476 265.401 158.564 98.6693 210.109 
31/04/2016-09:25:18 0 0 0 0 0 0 10 0 6 0 0 0 0 0 0 5 6 4 4 0 4 294.201 286.133 283.769 281.676 280.051 277.489 276.64 273.746 273.723 273.837 275.112 278.076 285.548 293.319 260.035 272.392 261.142 251.044 260.69 
31/04/2016-09:25:24 0 0 0 0 0 0 10 0 6 0 6 0 0 0 0 5 6 4 4 0 4 294.225 286.194 283.843 281.762 280.149 277.608 276.769 273.916 273.893 274.009 275.021 277.998 285.499 293.297 260.206 272.562 261.05 250.953 260.862 
31/04/2016-09:25:41 0 0 0 0 0 0 12 0 6 0 6 0 0 0 0 5 6 4 4 0 4 294.197 286.124 283.758 281.663 280.037 277.471 276.932 274.032 274.009 274.122 275.125 278.087 285.555 293.322 260.321 272.678 261.155 251.058 260.976 
31/04/2016-09:25:50 0 0 0 0 0 0 12 0 6 0 8 0 0 0 0 5 6 4 4 0 4 294.211 286.16 283.802 281.714 280.095 277.542 277.006 274.13 274.108 274.222 275.072 278.041 285.526 293.309 260.42 272.776 261.101 251.004 261.075 
31/04/2016-09:25:56 0 0 0 0 0 0 12 0 6 0 8 0 0 0 0 5 6 4 4 0 4 294.211 286.16 283.802 281.714 280.095 277.542 277.006 274.13 274.108 274.222 275.072 278.041 285.526 293.309 260.42 272.776 261.101 251.004 261.075 
31/04/2016-09:26:05 0 0 0 0 0 0 12 0 6 0 8 0 0 0 0 0 6 4 4 0 4 294.211 286.16 283.802 281.714 280.095 277.542 277.006 274.13 274.108 274.222 275.072 278.041 285.526 293.309 260.42 266.845 261.101 251.004 261.075 
31/04/2016-09:26:13 0 0 0 0 0 0 13 0 6 0 8 0 0 0 0 0 6 4 4 0 4 294.202 286.135 283.772 281.679 280.055 277.493 277.064 274.171 274.149 274.262 275.109 278.073 285.547 293.318 260.461 266.886 261.138 251.041 261.115 
31/04/2016-09:26:22 0 0 0 0 0 0 14 0 6 0 8 0 0 0 0 0 6 4 4 0 4 294.194 286.115 283.748 281.651 280.023 277.454 277.11 274.204 274.181 274.294 275.138 278.099 285.562 293.325 260.493 266.918 261.168 251.071 261.147 
31/04/2016-09:26:26 0 0 0 0 0 0 15 0 6 0 8 0 0 0 0 0 6 4 4 0 4 294.188 286.099 283.729 281.629 279.998 277.423 277.146 274.229 274.207 274.319 275.162 278.119 285.575 293.33 260.518 266.944 261.191 251.094 261.173 
31/04/2016-09:26:32 0 0 0 0 0 0 15 0 8 0 8 0 0 0 0 0 6 4 4 0 4 294.188 286.099 283.729 281.629 279.998 277.423 277.146 274.229 274.211 274.319 275.162 278.119 285.575 293.33 260.518 266.948 261.191 251.094 261.173 
31/04/2016-09:26:38 0 0 0 0 0 0 15 0 8 0 10 0 0 0 0 0 6 4 4 0 4 294.202 286.137 283.774 281.682 280.058 277.497 277.222 274.331 274.312 274.422 275.106 278.071 285.545 293.317 260.62 267.049 261.135 251.038 261.275 
31/04/2016-09:26:50 0 0 0 0 0 0 15 0 8 0 10 0 0 0 0 0 6 5 4 0 4 294.202 286.137 283.774 281.682 280.058 277.497 277.222 274.331 274.312 274.422 275.106 278.071 285.545 293.317 260.62 267.049 261.135 255.001 261.275 
31/04/2016-09:26:57 0 0 0 0 0 0 15 0 8 0 10 0 0 0 0 1 6 5 4 0 4 294.202 286.137 283.774 281.682 280.058 277.497 277.222 274.331 274.312 274.422 275.106 278.071 285.545 293.317 260.62 268.808 261.135 255.001 261.275 
31/04/2016-09:27:03 0 0 0 0 0 0 15 0 10 0 10 0 0 0 0 1 6 5 4 0 4 294.202 286.137 283.774 281.682 280.058 277.497 277.222 274.331 274.317 274.422 275.106 278.071 285.545 293.317 260.62 268.813 261.135 255.001 261.275 
31/04/2016-09:27:11 0 0 0 0 0 0 10 0 10 0 10 0 0 0 0 1 6 5 4 0 4 294.254 286.268 283.932 281.866 280.267 277.752 276.923 274.119 274.105 274.216 274.911 277.904 285.44 293.271 260.411 268.601 260.94 254.806 261.067 
31/04/2016-09:27:24 0 0 0 0 0 0 10 0 10 0 10 0 0 0 0 0 6 5 4 0 4 294.254 286.268 283.932 281.866 280.267 277.752 276.923 274.119 274.105 274.216 274.911 277.904 285.44 293.271 260.411 266.842 260.94 254.806 261.067 
31/04/2016-09:27:30 0 0 0 0 0 0 10 0 10 0 11 0 0 0 0 0 6 5 4 0 4 294.261 286.286 283.954 281.892 280.295 277.787 276.961 274.169 274.155 274.266 274.884 277.881 285.425 293.264 260.46 266.892 260.914 254.779 261.117 
31/04/2016-09:27:36 0 0 0 0 0 0 10 0 10 0 11 0 0 0 0 0 6 6 4 0 4 294.261 286.286 283.954 281.892 280.295 277.787 276.961 274.169 274.155 274.266 274.884 277.881 285.425 293.264 260.46 266.892 260.914 257.128 261.117 
31/04/2016-09:27:43 0 0 0 0 0 0 10 0 10 0 8 0 0 0 0 0 6 6 4 0 4 294.239 286.231 283.887 281.813 280.207 277.678 276.844 274.016 274.002 274.11 274.967 277.952 285.47 293.284 260.306 266.739 260.997 257.211 260.962 
31/04/2016-09:27:52 0 0 0 0 0 0 10 0 8 0 8 0 0 0 0 0 6 6 4 0 4 294.239 286.231 283.887 281.813 280.207 277.678 276.844 274.016 273.997 274.11 274.967 277.952 285.47 293.284 260.306 266.734 260.997 257.211 260.962 
31/04/2016-09:28:01 0 0 0 0 0 0 10 8 8 0 8 0 0 0 0 0 6 6 4 0 4 294.055 285.759 283.32 281.151 279.456 276.762 275.858 274.774 274.756 274.85 275.658 278.544 285.843 293.449 261.058 267.493 261.688 257.902 261.708 
31/04/2016-09:28:09 0 0 0 0 0 0 10 8 10 0 8 0 0 0 0 0 6 6 4 0 4 294.055 285.759 283.32 281.151 279.456 276.762 275.858 274.774 274.76 274.85 275.658 278.544 285.843 293.449 261.058 267.497 261.688 257.902 261.708 
31/04/2016-09:28:15 0 0 0 0 0 0 10 8 10 0 8 0 0 0 0 4 6 6 4 0 4 294.055 285.759 283.32 281.151 279.456 276.762 275.858 274.774 274.76 274.85 275.658 278.544 285.843 293.449 261.058 272.748 261.688 257.902 261.708 
31/04/2016-09:28:26 0 0 0 0 0 0 10 0 10 0 8 0 0 0 0 4 6 6 4 0 4 294.239 286.231 283.887 281.813 280.207 277.678 276.844 274.016 274.002 274.11 274.967 277.952 285.47 293.284 260.306 271.99 260.997 257.211 260.962 
31/04/2016-09:28:31 0 0 0 0 0 0 10 0 10 0 10 0 0 0 0 4 6 6 4 0 4 294.254 286.268 283.932 281.866 280.267 277.752 276.923 274.119 274.105 274.216 274.911 277.904 285.44 293.271 260.411 272.093 260.94 257.155 261.067 
31/04/2016-09:28:37 0 0 0 0 0 0 10 0 10 0 15 0 0 0 0 4 6 6 4 0 4 294.284 286.346 284.025 281.975 280.39 277.902 277.085 274.332 274.319 274.432 274.795 277.804 285.377 293.243 260.625 272.306 260.824 257.039 261.283 
31/04/2016-09:28:41 0 0 0 0 0 0 15 0 10 0 15 0 0 0 0 4 6 6 4 0 4 294.233 286.215 283.868 281.792 280.183 277.649 277.377 274.539 274.525 274.633 274.99 277.971 285.482 293.29 260.829 272.513 261.019 257.234 261.485 
31/04/2016-09:28:47 0 0 0 0 0 0 15 0 15 0 15 0 0 0 0 4 6 6 4 0 4 294.233 286.215 283.868 281.792 280.183 277.649 277.377 274.539 274.532 274.633 274.99 277.971 285.482 293.29 260.829 272.52 261.019 257.234 261.485 
31/04/2016-09:28:55 0 0 0 0 0 0 15 0 15 0 15 0 0 0 0 6 6 6 4 0 4 294.233 286.215 283.868 281.792 280.183 277.649 277.377 274.539 274.532 274.633 274.99 277.971 285.482 293.29 260.829 273.655 261.019 257.234 261.485 
31/04/2016-09:29:01 0 0 0 0 0 0 15 0 8 0 15 0 0 0 0 6 6 6 4 0 4 294.233 286.215 283.868 281.792 280.183 277.649 277.377 274.539 274.52 274.633 274.99 277.971 285.482 293.29 260.829 273.643 261.019 257.234 261.485 
31/04/2016-09:29:08 0 0 0 0 0 0 10 0 8 0 15 0 0 0 0 6 6 6 4 0 4 294.284 286.346 284.025 281.975 280.39 277.902 277.085 274.332 274.314 274.432 274.795 277.804 285.377 293.243 260.625 273.437 260.824 257.039 261.283 
31/04/2016-09:29:12 0 0 0 0 0 0 10 0 8 0 10 0 0 0 0 6 6 6 4 0 4 294.254 286.268 283.932 281.866 280.267 277.752 276.923 274.119 274.101 274.216 274.911 277.904 285.44 293.271 260.411 273.224 260.94 257.155 261.067 
31/04/2016-09:29:20 0 0 0 0 0 0 10 0 8 0 8 0 0 0 0 6 6 6 4 0 4 294.239 286.231 283.887 281.813 280.207 277.678 276.844 274.016 273.997 274.11 274.967 277.952 285.47 293.284 260.306 273.12 260.997 257.211 260.962 
31/04/2016-09:29:27 0 0 0 0 0 0 10 0 6 0 8 0 0 0 0 6 6 6 4 0 4 294.239 286.231 283.887 281.813 280.207 277.678 276.844 274.016 273.993 274.11 274.967 277.952 285.47 293.284 260.306 273.115 260.997 257.211 260.962 
31/04/2016-09:29:32 0 0 0 0 0 0 10 0 6 0 8 0 0 0 0 4 6 6 4 0 4 294.239 286.231 283.887 281.813 280.207 277.678 276.844 274.016 273.993 274.11 274.967 277.952 285.47 293.284 260.306 271.981 260.997 257.211 260.962 
31/04/2016-09:29:37 0 0 0 0 0 0 10 0 6 0 8 0 0 0 0 5 6 6 4 0 4 294.239 286.231 283.887 281.813 280.207 277.678 276.844 274.016 273.993 274.11 274.967 277.952 285.47 293.284 260.306 272.662 260.997 257.211 260.962 
31/04/2016-09:29:44 0 0 0 0 0 0 10 0 6 0 8 0 0 0 0 6 6 6 4 0 4 294.239 286.231 283.887 281.813 280.207 277.678 276.844 274.016 273.993 274.11 274.967 277.952 285.47 293.284 260.306 273.115 260.997 257.211 260.962 
31/04/2016-09:29:49 0 0 0 0 0 0 10 0 6 0 8 0 0 0 0 6 6 6 4 0 3 294.24 286.234 283.89 281.818 280.212 277.684 276.851 274.024 274.001 274.105 274.962 277.948 285.468 293.283 256.194 273.124 260.992 257.206 259.433 
31/04/2016-09:29:54 0 0 0 0 0 0 10 0 6 0 8 0 0 0 0 6 6 6 4 0 4 294.239 286.231 283.887 281.813 280.207 277.678 276.844 274.016 273.993 274.11 274.967 277.952 285.47 293.284 260.306 273.115 260.997 257.211 260.962 
31/04/2016-09:29:59 0 0 0 0 0 0 10 0 6 0 8 0 0 0 0 6 6 6 3 0 4 294.237 286.225 283.88 281.806 280.198 277.668 276.833 274 273.977 274.119 274.975 277.959 285.475 293.286 257.358 273.1 261.005 257.219 256.362 
31/04/2016-09:30:12 0 0 0 0 0 0 10 0 6 0 7 0 0 0 0 6 6 6 4 0 4 294.232 286.212 283.864 281.787 280.177 277.642 276.805 273.964 273.942 274.058 274.995 277.976 285.485 293.291 260.255 273.064 261.024 257.239 260.911 
31/04/2016-09:30:18 0 0 0 0 0 0 10 0 6 0 6 0 0 0 0 6 6 6 4 0 4 294.225 286.194 283.843 281.762 280.149 277.608 276.769 273.916 273.893 274.009 275.021 277.998 285.499 293.297 260.206 273.016 261.05 257.265 260.862 
31/04/2016-09:30:24 0 0 0 0 0 0 10 0 6 0 6 0 0 0 0 6 4 6 4 0 4 294.225 286.194 283.843 281.762 280.149 277.608 276.769 273.916 273.893 274.009 275.021 277.998 285.499 293.297 260.206 273.016 242.981 239.196 260.862 
31/04/2016-09:30:32 0 0 0 0 0 0 10 0 6 0 6 0 0 0 0 6 6 5 4 0 4 294.225 286.194 283.843 281.762 280.149 277.608 276.769 273.916 273.893 274.009 275.021 277.998 285.499 293.297 260.206 273.016 261.05 254.916 260.862 
31/04/2016-09:30:43 0 0 0 0 0 0 10 0 6 0 7 0 0 0 0 6 6 5 4 0 4 294.232 286.212 283.864 281.787 280.177 277.642 276.805 273.964 273.942 274.058 274.995 277.976 285.485 293.291 260.255 273.064 261.024 254.89 260.911 
31/04/2016-09:30:51 0 0 0 0 0 0 10 0 6 0 6 0 0 0 0 6 6 6 4 0 4 294.225 286.194 283.843 281.762 280.149 277.608 276.769 273.916 273.893 274.009 275.021 277.998 285.499 293.297 260.206 273.016 261.05 257.265 260.862 
31/04/2016-09:31:04 0 0 0 0 0 0 10 0 4 0 6 0 0 0 0 6 6 6 4 0 4 294.225 286.194 283.843 281.762 280.149 277.608 276.769 273.916 273.889 274.009 275.021 277.998 285.499 293.297 260.206 273.012 261.05 257.265 260.862 
31/04/2016-09:31:12 0 0 0 0 0 0 10 0 0 0 6 0 0 0 0 6 6 6 4 0 4 294.225 286.194 283.843 281.762 280.149 277.608 276.769 273.916 273.884 274.009 275.021 277.998 285.499 293.297 260.206 273.007 261.05 257.265 260.862 
31/04/2016-09:31:24 0 0 0 0 0 0 8 0 0 0 6 0 0 0 0 6 6 6 4 0 4 294.265 286.298 283.968 281.908 280.314 277.81 276.528 273.744 273.712 273.841 274.866 277.866 285.416 293.26 260.035 272.835 260.896 257.11 260.693 
31/04/2016-09:31:30 0 0 0 0 0 0 7 0 0 0 6 0 0 0 0 6 6 6 4 0 4 294.291 286.363 284.046 282 280.418 277.936 276.376 273.635 273.604 273.736 274.769 277.782 285.363 293.237 259.928 272.727 260.799 257.013 260.586 
31/04/2016-09:31:39 0 0 0 0 0 0 8 0 0 0 5 0 0 0 0 6 6 6 4 0 4 294.259 286.282 283.949 281.886 280.289 277.779 276.493 273.699 273.667 273.796 274.89 277.886 285.429 293.266 259.99 272.79 260.92 257.134 260.647 
31/04/2016-09:31:48 0 0 0 0 0 0 9 0 0 0 5 0 0 0 0 6 6 6 4 0 4 294.237 286.226 283.881 281.807 280.199 277.669 276.625 273.793 273.761 273.887 274.974 277.958 285.474 293.286 260.083 272.884 261.004 257.218 260.739 
31/04/2016-09:31:58 0 0 0 0 0 0 9 0 0 0 5 0 0 0 0 6 6 5 4 0 4 294.237 286.226 283.881 281.807 280.199 277.669 276.625 273.793 273.761 273.887 274.974 277.958 285.474 293.286 260.083 272.884 261.004 254.869 260.739 
31/04/2016-09:32:06 0 0 0 0 0 0 9 0 0 0 5 0 0 0 0 6 5 6 4 0 4 294.237 286.226 283.881 281.807 280.199 277.669 276.625 273.793 273.761 273.887 274.974 277.958 285.474 293.286 260.083 272.884 253.779 249.993 260.739 
31/04/2016-09:32:10 0 0 0 0 0 0 9 0 0 0 5 0 0 0 0 6 6 6 4 0 4 294.237 286.226 283.881 281.807 280.199 277.669 276.625 273.793 273.761 273.887 274.974 277.958 285.474 293.286 260.083 272.884 261.004 257.218 260.739 
31/04/2016-09:40:06 0 0 0 0 0 0 9 0 0 0 0 0 0 0 0 6 6 6 4 0 4 294.219 286.18 283.826 281.743 280.127 277.581 276.528 273.666 273.635 273.759 275.042 278.016 285.51 293.302 259.956 272.757 261.071 257.286 260.612 
31/04/2016-09:40:25 0 0 0 0 0 0 10 0 0 0 0 0 0 0 0 6 6 6 4 0 4 294.201 286.133 283.769 281.676 280.051 277.489 276.64 273.746 273.715 273.837 275.112 278.076 285.548 293.319 260.035 272.837 261.142 257.356 260.69 
31/04/2016-09:40:33 0 0 0 0 0 0 10 0 0 0 0 0 0 0 0 6 6 6 4 0 4 294.201 286.133 283.769 281.676 280.051 277.489 276.64 273.746 273.715 273.837 275.112 278.076 285.548 293.319 260.035 272.837 261.142 257.356 260.69 
31/04/2016-09:40:37 0 0 0 0 0 0 10 0 0 0 0 0 0 0 0 6 6 6 4 0 4 294.201 286.133 283.769 281.676 280.051 277.489 276.64 273.746 273.715 273.837 275.112 278.076 285.548 293.319 260.035 272.837 261.142 257.356 260.69 
31/04/2016-09:40:58 0 0 0 0 0 0 10 0 0 0 0 0 0 0 0 6 6 4 4 0 4 294.201 286.133 283.769 281.676 280.051 277.489 276.64 273.746 273.715 273.837 275.112 278.076 285.548 293.319 260.035 272.837 261.142 251.044 260.69 
31/04/2016-09:41:09 0 0 0 0 0 0 10 0 0 0 0 0 0 0 0 6 6 5 4 0 4 294.201 286.133 283.769 281.676 280.051 277.489 276.64 273.746 273.715 273.837 275.112 278.076 285.548 293.319 260.035 272.837 261.142 255.007 260.69 
31/04/2016-10:49:55 15 15 15 15 15 15 15 15 15 15 15 15 15 15 15 15 15 15 15 15 15 298.65 296.74 296.168 295.648 295.23 294.538 294.138 293.799 293.793 293.802 294.057 294.742 296.51 298.376 293.571 293.752 293.411 293.268 293.583 
31/04/2016-10:49:58 0 0 0 0 0 0 0 0 0 0 0 0 0 0 0 0 0 0 0 0 0 294.434 286.729 284.485 282.513 280.998 278.643 275.2 272.696 272.664 272.842 274.214 277.308 285.065 293.106 211.476 265.401 158.564 98.6693 210.109 
31/04/2016-21:42:04 0 0 0 0 0 0 10 0 0 0 0 0 0 0 0 0 0 0 0 0 0 294.198 286.127 283.762 281.668 280.042 277.477 276.628 273.73 273.698 273.847 275.121 278.084 285.553 293.321 212.498 266.435 159.47 99.5759 211.127 
31/04/2016-21:42:22 0 0 0 0 0 0 10 0 0 0 0 0 0 0 0 0 6 5 0 0 0 294.198 286.127 283.762 281.668 280.042 277.477 276.628 273.73 273.698 273.847 275.121 278.084 285.553 293.321 212.498 266.435 261.151 255.016 211.127 
31/04/2016-21:42:40 0 0 0 0 0 0 10 0 0 0 0 0 0 0 0 0 6 5 4 0 4 294.201 286.133 283.769 281.676 280.051 277.489 276.64 273.746 273.715 273.837 275.112 278.076 285.548 293.319 260.035 266.452 261.142 255.007 260.69 
31/04/2016-21:42:50 0 0 0 0 0 0 10 0 0 0 0 0 0 0 0 1 6 5 4 0 4 294.201 286.133 283.769 281.676 280.051 277.489 276.64 273.746 273.715 273.837 275.112 278.076 285.548 293.319 260.035 268.211 261.142 255.007 260.69 
31/04/2016-21:43:00 0 0 0 0 0 0 10 0 0 0 0 0 0 0 0 2 6 5 4 0 4 294.201 286.133 283.769 281.676 280.051 277.489 276.64 273.746 273.715 273.837 275.112 278.076 285.548 293.319 260.035 269.515 261.142 255.007 260.69 
31/04/2016-21:43:06 0 0 0 0 0 0 10 0 0 0 0 0 0 0 0 3 6 5 4 0 4 294.201 286.133 283.769 281.676 280.051 277.489 276.64 273.746 273.715 273.837 275.112 278.076 285.548 293.319 260.035 270.739 261.142 255.007 260.69 
31/04/2016-21:43:21 0 0 0 0 0 0 10 0 4 0 0 0 0 0 0 0 6 5 4 0 4 294.201 286.133 283.769 281.676 280.051 277.489 276.64 273.746 273.719 273.837 275.112 278.076 285.548 293.319 260.035 266.456 261.142 255.007 260.69 
31/04/2016-21:43:42 0 0 0 0 0 0 10 0 4 0 0 0 0 0 0 4 6 5 4 0 4 294.201 286.133 283.769 281.676 280.051 277.489 276.64 273.746 273.719 273.837 275.112 278.076 285.548 293.319 260.035 271.707 261.142 255.007 260.69 
31/04/2016-21:43:48 0 0 0 0 0 0 10 0 5 0 0 0 0 0 0 4 6 5 4 0 4 294.201 286.133 283.769 281.676 280.051 277.489 276.64 273.746 273.721 273.837 275.112 278.076 285.548 293.319 260.035 271.709 261.142 255.007 260.69 
31/04/2016-21:43:57 0 0 0 0 0 0 10 2 5 0 0 0 0 0 0 4 6 5 4 0 4 294.17 286.055 283.675 281.566 279.927 277.337 276.477 273.877 273.852 273.965 275.227 278.175 285.61 293.346 260.165 271.84 261.257 255.122 260.819 
31/04/2016-21:44:10 0 0 0 0 0 0 10 0 6 0 0 0 0 0 0 4 6 5 4 0 4 294.201 286.133 283.769 281.676 280.051 277.489 276.64 273.746 273.723 273.837 275.112 278.076 285.548 293.319 260.035 271.711 261.142 255.007 260.69 
31/04/2016-21:44:17 0 0 0 0 0 0 10 0 6 0 0 0 0 0 0 6 6 5 4 0 4 294.201 286.133 283.769 281.676 280.051 277.489 276.64 273.746 273.723 273.837 275.112 278.076 285.548 293.319 260.035 272.846 261.142 255.007 260.69 
31/04/2016-21:44:22 0 0 0 0 0 0 10 0 0 0 0 0 0 0 0 6 6 5 4 0 4 294.201 286.133 283.769 281.676 280.051 277.489 276.64 273.746 273.715 273.837 275.112 278.076 285.548 293.319 260.035 272.837 261.142 255.007 260.69 
31/04/2016-21:44:29 0 0 0 0 0 0 10 0 0 0 0 0 0 0 0 4 6 5 4 0 4 294.201 286.133 283.769 281.676 280.051 277.489 276.64 273.746 273.715 273.837 275.112 278.076 285.548 293.319 260.035 271.703 261.142 255.007 260.69 
31/04/2016-21:44:49 0 0 0 0 0 0 10 4 0 0 0 0 0 0 0 0 6 5 4 0 4 294.123 285.935 283.531 281.397 279.736 277.103 276.226 274.076 274.045 274.159 275.403 278.325 285.705 293.388 260.363 266.782 261.433 255.298 261.015 
31/04/2016-21:44:56 0 0 0 0 0 0 10 4 4 0 0 0 0 0 0 0 6 5 4 0 4 294.123 285.935 283.531 281.397 279.736 277.103 276.226 274.076 274.049 274.159 275.403 278.325 285.705 293.388 260.363 266.786 261.433 255.298 261.015 
31/04/2016-21:45:12 0 0 0 0 0 0 10 4 4 0 0 0 0 0 0 2 6 5 4 0 4 294.123 285.935 283.531 281.397 279.736 277.103 276.226 274.076 274.049 274.159 275.403 278.325 285.705 293.388 260.363 269.85 261.433 255.298 261.015 
31/04/2016-21:45:27 0 0 0 0 0 0 10 4 4 0 0 0 0 0 0 1 6 5 4 0 4 294.123 285.935 283.531 281.397 279.736 277.103 276.226 274.076 274.049 274.159 275.403 278.325 285.705 293.388 260.363 268.545 261.433 255.298 261.015 
31/04/2016-21:45:32 0 0 0 0 0 0 10 6 4 0 0 0 0 0 0 1 6 5 4 0 4 294.066 285.79 283.357 281.193 279.505 276.821 275.922 274.315 274.289 274.393 275.614 278.506 285.819 293.438 260.6 268.784 261.644 255.509 261.25 
31/04/2016-21:45:40 0 0 0 0 0 0 10 0 6 0 0 0 0 0 0 1 6 5 4 0 4 294.201 286.133 283.769 281.676 280.051 277.489 276.64 273.746 273.723 273.837 275.112 278.076 285.548 293.319 260.035 268.219 261.142 255.007 260.69 
31/04/2016-21:45:46 0 0 0 0 0 0 10 0 8 0 0 0 0 0 0 1 6 5 4 0 4 294.201 286.133 283.769 281.676 280.051 277.489 276.64 273.746 273.728 273.837 275.112 278.076 285.548 293.319 260.035 268.224 261.142 255.007 260.69 
31/04/2016-21:45:53 0 0 0 0 0 0 10 0 8 0 0 0 0 0 0 2 6 5 4 0 4 294.201 286.133 283.769 281.676 280.051 277.489 276.64 273.746 273.728 273.837 275.112 278.076 285.548 293.319 260.035 269.529 261.142 255.007 260.69 
31/04/2016-21:45:58 0 0 0 0 0 0 10 0 8 0 0 0 0 0 0 3 6 5 4 0 4 294.201 286.133 283.769 281.676 280.051 277.489 276.64 273.746 273.728 273.837 275.112 278.076 285.548 293.319 260.035 270.752 261.142 255.007 260.69 
31/04/2016-21:46:02 0 0 0 0 0 0 10 0 8 0 0 0 0 0 0 4 6 5 4 0 4 294.201 286.133 283.769 281.676 280.051 277.489 276.64 273.746 273.728 273.837 275.112 278.076 285.548 293.319 260.035 271.716 261.142 255.007 260.69 
31/04/2016-21:46:08 0 0 0 0 0 0 10 0 8 0 0 0 0 0 0 5 6 5 4 0 4 294.201 286.133 283.769 281.676 280.051 277.489 276.64 273.746 273.728 273.837 275.112 278.076 285.548 293.319 260.035 272.397 261.142 255.007 260.69 
31/04/2016-21:46:12 0 0 0 0 0 0 10 0 8 0 0 0 0 0 0 6 6 5 4 0 4 294.201 286.133 283.769 281.676 280.051 277.489 276.64 273.746 273.728 273.837 275.112 278.076 285.548 293.319 260.035 272.851 261.142 255.007 260.69 
31/04/2016-21:46:17 0 0 0 0 0 0 10 0 0 0 0 0 0 0 0 6 6 5 4 0 4 294.201 286.133 283.769 281.676 280.051 277.489 276.64 273.746 273.715 273.837 275.112 278.076 285.548 293.319 260.035 272.837 261.142 255.007 260.69 
31/04/2016-21:53:28 0 0 0 0 0 0 10 0 0 0 0 4 0 0 0 6 6 5 4 0 4 294.23 286.206 283.858 281.779 280.168 277.631 276.794 273.949 273.917 274.043 275.329 277.983 285.49 293.293 260.239 273.04 261.359 255.224 260.895 
31/04/2016-21:53:37 0 0 0 0 0 0 10 0 0 0 0 0 0 0 0 6 6 5 4 0 4 294.201 286.133 283.769 281.676 280.051 277.489 276.64 273.746 273.715 273.837 275.112 278.076 285.548 293.319 260.035 272.837 261.142 255.007 260.69 
31/04/2016-21:56:00 0 0 0 0 0 0 10 0 0 0 15 0 0 0 0 6 6 5 4 0 4 294.284 286.346 284.025 281.975 280.39 277.902 277.085 274.332 274.301 274.432 274.795 277.804 285.377 293.243 260.625 273.424 260.824 254.69 261.283 
31/04/2016-21:56:10 0 0 0 0 0 0 10 0 0 0 0 0 0 0 0 6 6 5 4 0 4 294.201 286.133 283.769 281.676 280.051 277.489 276.64 273.746 273.715 273.837 275.112 278.076 285.548 293.319 260.035 272.837 261.142 255.007 260.69 
01/05/2016-13:51:58 0 0 0 15 0 0 10 0 0 0 0 15 0 0 0 6 6 5 4 0 4 294.245 286.246 283.905 283.493 281.889 279.366 278.534 275.716 275.684 275.811 277.104 277.932 285.458 293.279 262.007 274.807 263.134 256.999 262.663 
01/05/2016-19:40:25 0 0 0 0 0 0 9 0 0 0 0 0 0 0 0 6 6 6 4 9 4 294.22 286.181 283.827 281.744 280.128 277.582 276.53 273.668 273.636 273.758 275.041 278.015 285.51 293.302 260.295 272.759 261.07 257.285 260.313 
01/05/2016-20:12:13 0 0 0 0 0 0 9 0 0 0 0 0 0 0 0 6 6 6 4 0 4 294.219 286.18 283.826 281.743 280.127 277.581 276.528 273.666 273.635 273.759 275.042 278.016 285.51 293.302 259.956 272.757 261.071 257.286 260.612 
01/05/2016-20:12:29 0 0 0 0 0 0 9 0 0 0 3 0 0 0 0 6 6 6 4 0 4 294.227 286.2 283.851 281.771 280.159 277.62 276.571 273.722 273.691 273.816 275.012 277.99 285.494 293.295 260.013 272.814 261.041 257.256 260.668 
01/05/2016-20:12:35 0 0 0 0 0 0 9 0 0 0 2 0 0 0 0 6 6 6 4 0 4 294.224 286.192 283.84 281.759 280.145 277.603 276.553 273.698 273.667 273.791 275.025 278.001 285.501 293.298 259.988 272.789 261.054 257.269 260.644 
01/05/2016-20:12:40 0 0 0 0 0 0 9 0 0 0 3 0 0 0 0 6 6 6 4 0 4 294.227 286.2 283.851 281.771 280.159 277.62 276.571 273.722 273.691 273.816 275.012 277.99 285.494 293.295 260.013 272.814 261.041 257.256 260.668 
01/05/2016-20:14:39 0 0 0 0 0 0 10 0 0 0 0 0 0 0 0 6 6 6 4 0 4 294.201 286.133 283.769 281.676 280.051 277.489 276.64 273.746 273.715 273.837 275.112 278.076 285.548 293.319 260.035 272.837 261.142 257.356 260.69 
01/05/2016-20:32:48 0 0 0 0 0 0 10 0 0 0 0 4 0 0 0 6 6 5 4 0 4 294.23 286.206 283.858 281.779 280.168 277.631 276.794 273.949 273.917 274.043 275.329 277.983 285.49 293.293 260.239 273.04 261.359 255.224 260.895 
02/05/2016-21:27:40 0 0 0 0 0 0 0 0 0 0 0 0 0 0 0 0 0 0 0 0 0 294.434 286.729 284.485 282.513 280.998 278.643 275.2 272.696 272.664 272.842 274.214 277.308 285.065 293.106 211.476 265.401 158.564 98.6693 210.109 
03/05/2016-11:36:17 0 0 0 0 0 0 0 0 0 0 0 0 0 0 0 0 0 0 0 0 0 294.434 286.729 284.485 282.513 280.998 278.643 275.2 272.696 272.664 272.842 274.214 277.308 285.065 293.106 211.476 265.401 158.564 98.6693 210.109 
06/05/2016-15:47:54 15 15 15 15 15 15 15 15 15 15 15 15 15 15 15 15 15 15 15 15 15 298.65 296.74 296.168 295.648 295.23 294.538 294.138 293.799 293.793 293.802 294.057 294.742 296.51 298.376 293.571 293.752 293.411 293.268 293.583 
06/05/2016-16:36:39 0 0 0 0 0 0 9 0 0 0 2 0 0 0 0 6 6 6 4 8 4 294.224 286.192 283.841 281.76 280.146 277.604 276.554 273.7 273.668 273.79 275.024 278 285.501 293.298 260.323 272.791 261.053 257.268 260.349 
06/05/2016-16:38:05 0 0 0 0 0 0 0 0 0 0 0 0 0 0 0 0 0 0 0 0 0 294.434 286.729 284.485 282.513 280.998 278.643 275.2 272.696 272.664 272.842 274.214 277.308 285.065 293.106 211.476 265.401 158.564 98.6693 210.109 
06/05/2016-16:44:11 15 15 15 15 15 15 15 15 15 15 15 15 15 15 15 15 15 15 15 15 15 298.65 296.74 296.168 295.648 295.23 294.538 294.138 293.799 293.793 293.802 294.057 294.742 296.51 298.376 293.571 293.752 293.411 293.268 293.583 
06/05/2016-16:52:59 15 15 15 0 15 15 15 15 15 15 15 15 15 15 15 15 15 15 15 15 15 298.801 297.125 296.632 294.423 294.078 293.528 293.225 292.989 292.983 293.003 293.332 294.121 296.119 298.203 292.766 292.942 292.687 292.543 292.78 
06/05/2016-16:54:01 0 0 15 0 15 15 15 15 15 15 15 15 0 0 0 15 15 15 15 15 15 293.44 284.186 283.637 281.141 280.744 280.093 279.721 279.413 279.407 279.418 279.693 280.407 287.016 293.967 279.186 279.366 279.048 278.904 279.198 
06/05/2016-16:56:54 0 0 0 0 0 0 0 0 0 0 0 0 0 0 0 0 0 0 0 0 0 294.434 286.729 284.485 282.513 280.998 278.643 275.2 272.696 272.664 272.842 274.214 277.308 285.065 293.106 211.476 265.401 158.564 98.6693 210.109 
06/05/2016-17:00:05 15 15 15 15 15 15 15 15 15 15 15 15 15 15 15 15 15 15 15 15 15 298.65 296.74 296.168 295.648 295.23 294.538 294.138 293.799 293.793 293.802 294.057 294.742 296.51 298.376 293.571 293.752 293.411 293.268 293.583 
06/05/2016-17:01:21 15 15 15 15 0 15 15 15 15 15 15 15 15 15 15 15 15 15 15 15 15 298.773 297.054 296.547 296.092 294.295 293.719 293.399 293.145 293.139 293.157 293.471 294.24 296.194 298.236 292.921 293.099 292.826 292.682 292.935 
06/05/2016-17:01:58 15 15 15 15 15 15 15 15 15 15 15 15 15 15 15 15 15 15 15 15 15 298.65 296.74 296.168 295.648 295.23 294.538 294.138 293.799 293.793 293.802 294.057 294.742 296.51 298.376 293.571 293.752 293.411 293.268 293.583 
06/05/2016-17:03:10 15 15 15 15 15 15 15 15 15 15 15 15 15 15 15 15 15 15 15 15 15 298.65 296.74 296.168 295.648 295.23 294.538 294.138 293.799 293.793 293.802 294.057 294.742 296.51 298.376 293.571 293.752 293.411 293.268 293.583 
06/05/2016-17:04:09 15 15 15 15 15 15 15 15 15 15 15 15 15 15 15 15 15 15 15 15 15 298.65 296.74 296.168 295.648 295.23 294.538 294.138 293.799 293.793 293.802 294.057 294.742 296.51 298.376 293.571 293.752 293.411 293.268 293.583 
06/05/2016-17:14:07 15 15 15 15 0 15 15 15 15 15 15 15 15 15 15 15 15 15 15 15 15 298.773 297.054 296.547 296.092 294.295 293.719 293.399 293.145 293.139 293.157 293.471 294.24 296.194 298.236 292.921 293.099 292.826 292.682 292.935 
06/05/2016-17:17:48 15 15 15 0 0 15 15 15 15 15 15 15 15 15 15 15 15 15 15 15 15 298.887 297.344 296.895 294.911 293.386 292.913 292.662 292.479 292.473 292.504 292.881 293.735 295.876 298.096 292.261 292.433 292.236 292.092 292.277 
06/05/2016-17:19:59 15 15 0 0 0 15 15 15 15 15 15 15 15 15 15 15 15 15 15 15 15 298.985 297.594 295.59 293.859 292.561 292.172 291.978 291.85 291.843 291.89 292.328 293.262 295.579 297.965 291.639 291.803 291.683 291.539 291.657 
06/05/2016-17:27:15 15 0 0 0 0 15 15 15 15 15 15 15 15 15 15 15 15 15 15 15 15 299.209 293.949 292.505 291.328 290.517 290.303 290.219 290.186 290.18 290.277 290.884 292.029 294.806 297.625 289.998 290.139 290.239 290.095 290.027 
06/05/2016-17:27:27 15 15 0 0 0 15 15 15 15 15 15 15 15 15 15 15 15 15 15 15 15 298.985 297.594 295.59 293.859 292.561 292.172 291.978 291.85 291.843 291.89 292.328 293.262 295.579 297.965 291.639 291.803 291.683 291.539 291.657 
06/05/2016-17:27:39 15 0 0 0 0 15 15 15 15 15 15 15 15 15 0 15 15 15 15 15 15 298.995 292.091 290.112 288.406 287.129 286.749 286.56 286.437 286.431 286.479 286.924 287.866 290.201 292.605 286.227 286.391 286.279 286.135 286.246 
06/05/2016-17:35:14 15 0 0 0 0 15 15 15 15 15 15 15 0 15 0 15 15 15 15 15 15 298.807 290.446 287.985 285.792 284.078 283.533 283.234 283.002 282.996 283.017 283.35 284.143 291.392 293.486 282.78 282.956 282.704 282.561 282.794 
06/05/2016-17:37:08 15 0 0 0 0 15 15 15 15 15 15 0 0 15 0 15 15 15 15 15 15 298.745 289.899 287.277 284.921 283.056 282.454 282.116 281.844 281.838 281.853 282.153 284.856 291.751 293.752 281.618 281.797 281.507 281.364 281.631 
06/05/2016-17:38:29 15 0 0 0 0 15 15 15 15 15 15 0 0 0 0 15 15 15 15 15 15 298.601 288.624 285.623 282.879 280.658 279.918 279.484 279.11 279.103 279.111 279.344 281.705 287.836 294.33 278.881 279.063 278.699 278.555 278.892 
06/05/2016-17:40:28 15 0 0 0 0 0 15 15 15 15 15 0 0 0 0 15 15 15 15 15 15 298.676 289.286 286.483 283.94 281.905 278.556 278.173 277.852 277.846 277.856 278.123 280.657 287.174 294.037 277.625 277.806 277.478 277.334 277.637 
06/05/2016-17:40:55 15 0 0 0 0 0 15 15 15 0 15 0 0 0 0 15 15 15 15 15 15 298.676 289.284 286.48 283.937 281.901 278.551 278.168 277.847 277.841 277.861 278.127 280.66 287.176 294.038 277.624 277.8 277.482 277.338 277.638 
06/05/2016-17:42:05 15 0 0 0 0 0 15 0 15 0 15 0 0 0 0 15 15 15 15 15 15 298.759 290.022 287.436 285.117 283.286 280.331 280.002 276.344 276.338 276.377 276.685 279.423 286.396 293.693 276.13 276.297 276.039 275.896 276.148 
06/05/2016-17:42:37 15 0 0 0 0 0 15 0 15 0 15 0 0 0 0 15 15 15 15 0 15 298.759 290.018 287.431 285.111 283.279 280.321 279.992 276.33 276.324 276.386 276.693 279.43 286.401 293.695 276.041 276.283 276.047 275.904 276.207 
06/05/2016-17:45:45 15 0 0 0 0 0 15 0 15 0 0 0 0 0 0 15 15 15 15 0 15 298.743 289.88 287.252 284.889 283.019 279.988 279.649 275.841 275.835 275.891 276.971 279.668 286.551 293.761 275.551 275.794 276.325 276.181 275.712 
06/05/2016-17:47:08 15 15 15 15 15 15 15 15 15 15 15 15 15 15 15 15 15 15 15 15 15 298.65 296.74 296.168 295.648 295.23 294.538 294.138 293.799 293.793 293.802 294.057 294.742 296.51 298.376 293.571 293.752 293.411 293.268 293.583 
06/05/2016-17:47:18 15 15 15 15 15 15 15 15 15 15 15 15 15 15 0 15 15 15 15 15 15 298.343 295.949 295.214 294.525 293.95 292.951 292.331 291.753 291.746 291.745 291.884 292.392 293.76 295.243 291.519 291.706 291.238 291.094 291.529 
06/05/2016-17:47:54 15 15 15 15 15 15 15 15 15 15 15 15 15 0 0 15 15 15 15 15 15 298.096 295.31 294.442 293.614 292.908 291.646 290.835 290.04 290.034 290.008 290.082 290.475 291.577 295.995 289.794 289.993 289.437 289.293 289.802 
06/05/2016-17:48:19 15 15 15 15 15 15 15 15 15 15 15 15 0 0 0 15 15 15 15 15 15 297.929 294.877 293.918 292.995 292.198 290.753 289.807 288.857 288.851 288.803 288.846 289.171 292.583 296.446 288.6 288.81 288.2 288.056 288.604 
06/05/2016-17:48:46 15 15 15 15 15 15 15 15 15 15 15 0 0 0 0 15 15 15 15 15 15 297.881 294.752 293.767 292.815 291.992 290.494 289.508 288.513 288.506 288.451 288.486 289.596 292.856 296.568 288.251 288.466 287.841 287.697 288.255 
06/05/2016-17:49:08 0 15 15 15 15 15 15 15 15 15 15 0 0 0 0 15 15 15 15 15 15 291.248 288.716 287.935 287.198 286.577 285.487 284.801 284.149 284.143 284.134 284.248 285.926 290.511 295.519 283.912 284.102 283.602 283.459 283.921 
06/05/2016-17:49:37 0 0 15 15 15 15 15 15 15 15 15 0 0 0 0 15 15 15 15 15 15 292.864 282.707 282.097 281.538 281.084 280.322 279.872 279.481 279.475 279.481 279.705 282.015 288.032 294.417 279.251 279.434 279.06 278.916 279.263 
06/05/2016-17:50:18 0 0 0 15 15 15 15 15 15 15 15 0 0 0 0 15 15 15 15 15 15 293.21 283.597 280.718 280.197 279.777 279.083 278.68 278.34 278.333 278.342 278.596 281.063 287.43 294.15 278.111 278.293 277.95 277.807 278.123 
06/05/2016-17:50:52 15 15 15 15 15 15 15 15 15 15 15 15 15 15 15 15 15 15 15 15 15 298.65 296.74 296.168 295.648 295.23 294.538 294.138 293.799 293.793 293.802 294.057 294.742 296.51 298.376 293.571 293.752 293.411 293.268 293.583 
06/05/2016-17:50:57 15 15 15 15 15 15 15 15 15 15 15 15 15 15 0 15 15 15 15 15 15 298.343 295.949 295.214 294.525 293.95 292.951 292.331 291.753 291.746 291.745 291.884 292.392 293.76 295.243 291.519 291.706 291.238 291.094 291.529 
06/05/2016-17:52:09 15 15 15 15 15 15 15 15 15 15 15 15 15 15 15 15 15 15 15 15 15 298.65 296.74 296.168 295.648 295.23 294.538 294.138 293.799 293.793 293.802 294.057 294.742 296.51 298.376 293.571 293.752 293.411 293.268 293.583 
06/05/2016-17:52:15 15 15 15 15 15 15 15 15 15 15 15 15 15 15 0 15 15 15 15 15 15 298.343 295.949 295.214 294.525 293.95 292.951 292.331 291.753 291.746 291.745 291.884 292.392 293.76 295.243 291.519 291.706 291.238 291.094 291.529 
06/05/2016-17:53:36 15 15 15 15 15 15 15 15 15 15 15 15 15 0 0 15 15 15 15 15 15 298.096 295.31 294.442 293.614 292.908 291.646 290.835 290.04 290.034 290.008 290.082 290.475 291.577 295.995 289.794 289.993 289.437 289.293 289.802 
06/05/2016-18:41:11 15 15 15 15 15 15 15 15 15 15 15 15 15 15 15 15 15 15 15 15 15 298.65 296.74 296.168 295.648 295.23 294.538 294.138 293.799 293.793 293.802 294.057 294.742 296.51 298.376 293.571 293.752 293.411 293.268 293.583 
06/05/2016-18:44:20 15 15 15 15 15 15 15 15 15 15 15 15 15 15 15 15 15 15 15 0 15 298.65 296.739 296.167 295.647 295.229 294.537 294.136 293.797 293.791 293.803 294.058 294.743 296.511 298.377 293.506 293.75 293.413 293.269 293.625 
06/05/2016-18:45:08 15 15 15 15 15 15 15 15 15 15 15 15 15 15 15 15 15 15 0 0 15 298.649 296.735 296.163 295.642 295.223 294.529 294.128 293.788 293.782 293.81 294.065 294.749 296.515 298.378 293.248 293.741 293.419 293.276 263.194 
06/05/2016-18:45:15 15 15 15 15 15 15 15 15 15 15 15 15 15 15 15 15 15 15 15 15 15 298.65 296.74 296.168 295.648 295.23 294.538 294.138 293.799 293.793 293.802 294.057 294.742 296.51 298.376 293.571 293.752 293.411 293.268 293.583 
06/05/2016-18:45:20 15 15 15 15 15 15 15 15 15 15 15 15 15 15 15 15 15 15 0 15 15 298.645 296.727 296.153 295.63 295.209 294.513 294.109 293.767 293.761 293.826 294.079 294.761 296.523 298.382 292.795 293.72 293.434 293.29 292.432 
06/05/2016-18:50:28 15 15 15 15 15 15 15 15 15 15 15 15 0 15 15 15 15 15 0 15 15 298.332 295.92 295.179 294.484 293.904 292.893 292.264 291.676 291.67 291.69 291.826 292.329 297.222 298.692 290.702 291.63 291.181 291.037 290.338 
06/05/2016-19:43:59 15 15 15 15 15 15 15 15 15 15 15 15 0 15 15 15 15 15 0 15 15 298.332 295.92 295.179 294.484 293.904 292.893 292.264 291.676 291.67 291.69 291.826 292.329 297.222 298.692 290.702 291.63 291.181 291.037 290.338 
