27/04/2016-10:27:20 0 0 0 0 0 12 4 0 0 0 0 0 0 0 0 1 0 0 1 5 0 294.213 286.164 283.807 281.72 280.101 279.271 276.565 273.692 273.661 273.786 275.066 278.036 285.523 293.308 223.565 268.157 159.415 99.5206 223.616 
27/04/2016-10:31:49 0 0 0 0 0 0 0 0 0 0 0 0 0 0 0 0 0 0 0 0 0 294.434 286.729 284.485 282.513 280.998 278.643 275.2 272.696 272.664 272.842 274.214 277.308 285.065 293.106 211.476 265.401 158.564 98.6693 210.109 
27/04/2016-10:32:01 15 15 15 15 15 15 15 15 15 15 15 15 15 15 15 15 15 15 15 15 15 298.65 296.74 296.168 295.648 295.23 294.538 294.138 293.799 293.793 293.802 294.057 294.742 296.51 298.376 293.571 293.752 293.411 293.268 293.583 
27/04/2016-10:32:20 15 15 15 15 15 15 15 15 15 0 15 15 15 15 15 15 15 15 15 15 15 298.65 296.738 296.166 295.646 295.227 294.535 294.134 293.795 293.789 293.804 294.059 294.744 296.512 298.377 293.57 293.749 293.414 293.27 293.583 
27/04/2016-10:33:41 0 0 0 0 0 12 4 2 2 0 0 0 0 0 0 1 0 0 1 5 2 294.18 286.081 283.706 281.602 279.968 279.128 276.383 273.799 273.769 273.922 275.189 278.142 285.59 293.337 236.209 268.265 159.538 99.6442 235.909 
27/04/2016-10:33:53 0 0 0 0 0 12 4 2 2 0 2 0 0 0 0 1 0 0 1 5 2 294.185 286.092 283.72 281.618 279.986 279.148 276.408 273.83 273.801 273.954 275.173 278.128 285.581 293.333 236.24 268.297 159.522 99.6274 235.941 
27/04/2016-10:34:05 0 0 0 0 0 12 4 2 2 0 2 0 0 0 0 1 2 2 1 5 2 294.185 286.092 283.72 281.618 279.986 279.148 276.408 273.83 273.801 273.954 275.173 278.128 285.581 293.333 236.24 268.297 208.304 181.894 235.941 
27/04/2016-12:31:12 0 0 0 0 0 12 4 2 2 0 2 0 0 0 0 1 2 2 1 12 2 294.185 286.092 283.72 281.618 279.986 279.148 276.408 273.83 273.8 273.955 275.173 278.128 285.581 293.333 236.115 268.296 208.304 181.894 236.097 
27/04/2016-12:33:33 15 15 15 15 15 15 15 15 15 15 15 15 15 15 15 15 15 15 15 15 15 298.65 296.74 296.168 295.648 295.23 294.538 294.138 293.799 293.793 293.802 294.057 294.742 296.51 298.376 293.571 293.752 293.411 293.268 293.583 
27/04/2016-12:33:46 0 0 0 0 0 0 0 0 0 0 0 0 0 0 0 0 0 0 0 0 0 294.434 286.729 284.485 282.513 280.998 278.643 275.2 272.696 272.664 272.842 274.214 277.308 285.065 293.106 211.476 265.401 158.564 98.6693 210.109 
27/04/2016-12:41:39 0 0 0 0 0 0 0 0 0 0 0 0 0 0 0 0 0 0 0 2 0 294.434 286.728 284.485 282.513 280.998 278.643 275.199 272.695 272.664 272.843 274.215 277.308 285.065 293.106 211.148 265.401 158.564 98.6696 210.494 
27/04/2016-14:28:57 0 0 0 0 0 0 0 0 0 0 0 0 0 0 0 0 0 0 0 5 0 294.434 286.728 284.485 282.513 280.998 278.643 275.199 272.695 272.663 272.843 274.215 277.308 285.065 293.106 210.92 265.4 158.564 98.6698 210.76 
27/04/2016-14:29:20 0 0 0 0 0 0 0 0 0 0 0 0 0 0 0 0 0 0 0 14 0 294.434 286.728 284.485 282.513 280.998 278.643 275.199 272.695 272.663 272.843 274.215 277.308 285.065 293.106 210.849 265.4 158.564 98.6698 210.844 
27/04/2016-14:29:33 0 0 0 0 0 0 0 0 0 0 0 0 0 0 0 0 15 0 0 14 0 294.434 286.728 284.485 282.513 280.998 278.643 275.199 272.695 272.663 272.843 274.215 277.308 285.065 293.106 210.849 265.4 273.569 213.675 210.844 
27/04/2016-14:33:40 0 0 0 0 0 0 0 0 0 0 0 0 0 0 0 0 15 15 0 14 0 294.434 286.728 284.485 282.513 280.998 278.643 275.199 272.695 272.663 272.843 274.215 277.308 285.065 293.106 210.849 265.4 273.569 273.426 210.844 
27/04/2016-14:33:53 0 0 0 0 0 0 0 0 0 0 0 0 0 0 0 0 15 0 0 14 0 294.434 286.728 284.485 282.513 280.998 278.643 275.199 272.695 272.663 272.843 274.215 277.308 285.065 293.106 210.849 265.4 273.569 213.675 210.844 
27/04/2016-14:34:58 0 0 0 0 0 0 0 0 0 0 0 0 0 0 0 0 15 15 0 14 0 294.434 286.728 284.485 282.513 280.998 278.643 275.199 272.695 272.663 272.843 274.215 277.308 285.065 293.106 210.849 265.4 273.569 273.426 210.844 
27/04/2016-14:36:08 0 0 0 0 0 12 4 0 0 0 0 0 0 0 0 1 0 0 1 5 0 294.213 286.164 283.807 281.72 280.101 279.271 276.565 273.692 273.661 273.786 275.066 278.036 285.523 293.308 223.565 268.157 159.415 99.5206 223.616 
27/04/2016-14:36:34 0 0 0 0 0 12 4 2 2 0 2 0 0 0 0 1 0 0 1 5 2 294.185 286.092 283.72 281.618 279.986 279.148 276.408 273.83 273.801 273.954 275.173 278.128 285.581 293.333 236.24 268.297 159.522 99.6274 235.941 
27/04/2016-14:36:37 0 0 0 0 0 0 0 0 0 0 0 0 0 0 0 0 0 0 0 0 0 294.434 286.729 284.485 282.513 280.998 278.643 275.2 272.696 272.664 272.842 274.214 277.308 285.065 293.106 211.476 265.401 158.564 98.6693 210.109 
27/04/2016-14:36:38 0 0 0 0 0 0 0 0 0 0 0 0 0 0 0 0 0 0 0 0 0 294.434 286.729 284.485 282.513 280.998 278.643 275.2 272.696 272.664 272.842 274.214 277.308 285.065 293.106 211.476 265.401 158.564 98.6693 210.109 
27/04/2016-14:36:40 0 0 0 0 0 0 0 0 0 0 0 0 0 0 0 0 0 0 0 0 0 294.434 286.729 284.485 282.513 280.998 278.643 275.2 272.696 272.664 272.842 274.214 277.308 285.065 293.106 211.476 265.401 158.564 98.6693 210.109 
27/04/2016-14:36:42 15 15 15 15 15 15 15 15 15 15 15 15 15 15 15 15 15 15 15 15 15 298.65 296.74 296.168 295.648 295.23 294.538 294.138 293.799 293.793 293.802 294.057 294.742 296.51 298.376 293.571 293.752 293.411 293.268 293.583 
27/04/2016-14:36:48 0 0 0 0 0 0 0 0 0 0 0 0 0 0 0 0 0 0 0 0 0 294.434 286.729 284.485 282.513 280.998 278.643 275.2 272.696 272.664 272.842 274.214 277.308 285.065 293.106 211.476 265.401 158.564 98.6693 210.109 
27/04/2016-14:36:51 15 15 15 15 15 15 15 15 15 15 15 15 15 15 15 15 15 15 15 15 15 298.65 296.74 296.168 295.648 295.23 294.538 294.138 293.799 293.793 293.802 294.057 294.742 296.51 298.376 293.571 293.752 293.411 293.268 293.583 
27/04/2016-14:36:56 0 0 0 0 0 0 0 0 0 0 0 0 0 0 0 0 0 0 0 0 0 294.434 286.729 284.485 282.513 280.998 278.643 275.2 272.696 272.664 272.842 274.214 277.308 285.065 293.106 211.476 265.401 158.564 98.6693 210.109 
27/04/2016-14:42:38 0 0 0 0 0 0 0 0 0 0 0 0 0 0 0 0 0 0 0 0 0 294.434 286.729 284.485 282.513 280.998 278.643 275.2 272.696 272.664 272.842 274.214 277.308 285.065 293.106 211.476 265.401 158.564 98.6693 210.109 
27/04/2016-14:42:52 15 15 15 15 15 15 15 15 15 15 15 15 15 15 15 15 15 15 15 15 15 298.65 296.74 296.168 295.648 295.23 294.538 294.138 293.799 293.793 293.802 294.057 294.742 296.51 298.376 293.571 293.752 293.411 293.268 293.583 
27/04/2016-14:43:43 15 15 15 15 15 15 15 15 15 15 15 15 15 15 15 15 15 0 15 15 15 298.65 296.74 296.168 295.648 295.23 294.538 294.138 293.799 293.793 293.802 294.057 294.742 296.51 298.376 293.571 293.752 293.411 233.517 293.583 
27/04/2016-14:45:19 0 0 0 0 0 0 0 0 0 0 0 0 0 0 0 13 0 0 0 0 0 294.434 286.729 284.485 282.513 280.998 278.643 275.2 272.696 272.664 272.842 274.214 277.308 285.065 293.106 211.476 272.593 158.564 98.6693 210.109 
27/04/2016-14:46:32 0 0 0 0 0 0 0 0 0 0 0 0 0 0 0 13 0 15 0 0 0 294.434 286.729 284.485 282.513 280.998 278.643 275.2 272.696 272.664 272.842 274.214 277.308 285.065 293.106 211.476 272.593 158.564 158.42 210.109 
27/04/2016-23:29:09 0 0 0 0 0 0 0 0 0 0 0 0 0 0 0 0 0 0 0 10 0 294.434 286.728 284.485 282.513 280.998 278.643 275.199 272.695 272.663 272.843 274.215 277.308 285.065 293.106 210.855 265.4 158.564 98.6698 210.836 
29/04/2016-21:09:34 0 0 0 0 0 0 0 0 0 0 0 0 0 0 0 0 0 0 0 0 0 294.434 286.729 284.485 282.513 280.998 278.643 275.2 272.696 272.664 272.842 274.214 277.308 285.065 293.106 211.476 265.401 158.564 98.6693 210.109 
29/04/2016-22:35:57 0 0 0 0 0 0 0 0 0 0 0 0 0 0 0 11 0 0 0 0 5 294.429 286.715 284.469 282.494 280.976 278.617 275.165 272.652 272.62 272.866 274.235 277.326 285.076 293.11 256.531 272.486 158.585 98.6903 235.898 
29/04/2016-22:37:07 0 0 0 0 15 0 0 0 0 0 0 0 0 0 0 11 12 0 0 0 5 294.33 286.463 284.166 282.14 281.829 279.382 275.767 273.092 273.06 273.29 274.618 277.653 285.282 293.201 256.969 272.926 273.074 213.18 236.329 
29/04/2016-22:39:09 0 0 0 0 0 0 0 0 0 0 0 0 0 0 0 0 0 0 0 0 0 294.434 286.729 284.485 282.513 280.998 278.643 275.2 272.696 272.664 272.842 274.214 277.308 285.065 293.106 211.476 265.401 158.564 98.6693 210.109 
29/04/2016-22:39:23 0 0 0 0 0 0 3 3 0 0 0 0 0 0 0 0 0 0 0 0 0 294.337 286.48 284.186 282.164 280.603 278.162 275.268 273.128 273.097 273.262 274.593 277.632 285.269 293.195 211.903 265.834 158.942 99.0479 210.535 
29/04/2016-22:39:38 0 0 0 0 0 0 3 3 0 3 3 0 0 0 0 0 0 0 0 0 0 294.345 286.502 284.213 282.195 280.638 278.205 275.322 273.193 273.162 273.319 274.56 277.603 285.251 293.188 211.965 265.899 158.909 99.0149 210.596 
29/04/2016-22:39:52 0 0 0 0 0 0 3 3 0 3 3 0 0 0 0 0 3 3 0 0 0 294.345 286.502 284.213 282.195 280.638 278.205 275.322 273.193 273.162 273.319 274.56 277.603 285.251 293.188 211.965 265.899 227.178 210.585 210.596 
29/04/2016-22:40:02 0 0 0 0 0 0 3 3 0 3 3 0 0 0 0 3 3 3 0 0 0 294.345 286.502 284.213 282.195 280.638 278.205 275.322 273.193 273.162 273.319 274.56 277.603 285.251 293.188 211.965 270.186 227.178 210.585 210.596 
29/04/2016-22:40:09 0 0 0 0 0 0 3 3 3 3 3 0 0 0 0 3 3 3 0 0 0 294.345 286.502 284.213 282.195 280.638 278.205 275.322 273.193 273.165 273.319 274.56 277.603 285.251 293.188 211.965 270.189 227.178 210.585 210.596 
29/04/2016-22:40:25 0 0 0 0 0 0 3 3 3 3 3 0 0 0 0 3 3 3 3 0 3 294.347 286.507 284.218 282.201 280.646 278.214 275.333 273.208 273.179 273.311 274.553 277.597 285.247 293.186 252.178 270.203 227.171 210.578 252.427 
29/04/2016-22:40:32 0 0 0 0 0 0 3 3 3 3 3 0 0 0 0 3 3 3 3 3 3 294.347 286.507 284.218 282.201 280.646 278.214 275.334 273.208 273.179 273.311 274.553 277.597 285.247 293.186 252.265 270.204 227.171 210.578 252.345 
29/04/2016-22:41:18 0 0 0 0 0 0 3 3 3 3 3 3 3 3 3 3 3 3 3 3 3 294.5 286.895 284.685 282.747 281.263 278.966 276.286 274.36 274.332 274.48 275.782 278.693 285.983 293.532 253.426 271.356 228.4 211.808 253.506 
29/04/2016-22:41:38 0 0 0 0 0 0 3 3 3 3 3 3 3 3 3 3 4 3 3 3 3 294.5 286.895 284.685 282.747 281.263 278.966 276.286 274.36 274.332 274.48 275.782 278.693 285.983 293.532 253.426 271.356 243.743 227.15 253.506 
29/04/2016-22:41:50 0 0 0 0 0 0 3 3 3 3 3 12 3 3 3 3 4 3 3 3 3 294.64 287.252 285.114 283.248 281.829 279.654 277.154 275.406 275.378 275.543 276.903 278.247 285.703 293.408 254.48 272.402 244.863 228.27 254.562 
29/04/2016-22:41:58 0 0 0 0 0 0 3 3 3 3 3 12 6 3 3 3 4 3 3 3 3 294.741 287.511 285.425 283.611 282.238 280.15 277.78 276.157 276.129 276.307 277.709 279.079 285.496 293.317 255.238 273.153 245.67 229.077 255.32 
29/04/2016-22:42:07 0 0 0 0 0 0 3 3 3 3 3 12 6 6 6 3 4 3 3 3 3 294.945 288.029 286.046 284.335 283.055 281.14 279.021 277.64 277.611 277.818 279.308 280.73 287.359 294.183 256.733 274.636 247.269 230.676 256.817 
29/04/2016-22:42:10 15 15 15 15 15 15 15 15 15 15 15 15 15 15 15 15 15 15 15 15 15 298.65 296.74 296.168 295.648 295.23 294.538 294.138 293.799 293.793 293.802 294.057 294.742 296.51 298.376 293.571 293.752 293.411 293.268 293.583 
29/04/2016-23:48:50 15 15 15 15 15 15 15 15 15 15 15 15 15 15 15 15 15 15 15 15 0 298.652 296.743 296.172 295.652 295.235 294.544 294.145 293.807 293.801 293.795 294.051 294.737 296.507 298.375 292.87 293.76 293.406 293.262 293.238 
29/04/2016-23:49:15 15 15 15 15 15 15 15 15 15 15 15 15 15 15 15 15 15 15 15 0 0 298.651 296.74 296.169 295.649 295.231 294.539 294.139 293.8 293.794 293.801 294.056 294.741 296.51 298.376 268.362 293.754 293.41 293.267 293.507 
29/04/2016-23:49:23 15 15 15 15 15 15 15 15 15 0 15 15 15 15 15 15 15 15 15 0 0 298.651 296.74 296.169 295.649 295.231 294.539 294.139 293.8 293.794 293.801 294.056 294.741 296.51 298.376 268.362 293.754 293.41 293.267 293.507 
29/04/2016-23:50:09 15 15 15 15 15 15 15 15 15 0 0 15 15 15 15 15 15 15 15 0 0 298.598 296.605 296.005 295.457 295.012 294.27 293.833 293.456 293.45 293.455 294.293 294.945 296.638 298.433 268.018 293.409 293.647 293.504 293.161 
29/04/2016-23:53:06 15 15 15 15 15 15 15 15 15 0 0 15 0 15 15 15 15 15 15 0 0 298.314 295.873 295.122 294.417 293.826 292.796 292.154 291.551 291.544 291.479 291.949 292.442 297.259 298.709 266.088 291.504 291.303 291.16 291.186 
29/04/2016-23:53:42 15 15 15 15 15 15 15 15 15 0 0 15 0 0 15 15 15 15 15 0 0 298.094 295.305 294.436 293.607 292.9 291.636 290.824 290.028 290.021 289.85 290.116 290.508 294.48 298.892 264.53 289.981 289.471 289.327 289.557 
29/04/2016-23:53:49 15 15 15 15 15 15 15 15 15 0 0 15 0 0 0 15 15 15 15 0 0 297.935 294.894 293.938 293.019 292.225 290.788 289.847 288.903 288.897 288.628 288.785 289.113 292.546 296.429 263.372 288.857 288.14 287.996 288.335 
29/04/2016-23:54:04 0 15 15 15 15 15 15 15 15 0 0 15 0 0 0 15 15 15 15 0 0 291.457 288.991 288.232 287.518 286.92 285.874 285.22 284.603 284.597 284.526 284.979 285.464 290.218 295.388 259.139 284.556 284.333 284.19 284.232 
29/04/2016-23:54:12 4 15 15 15 15 15 15 15 15 0 0 15 0 0 0 15 15 15 15 0 0 292.482 289.931 289.142 288.398 287.771 286.667 285.972 285.309 285.302 285.208 285.606 286.065 290.599 295.558 259.836 285.262 284.96 284.816 284.915 
29/04/2016-23:54:19 8 15 15 15 15 15 15 15 15 0 0 15 0 0 0 15 15 15 15 0 0 294.571 291.839 290.989 290.18 289.492 288.266 287.482 286.718 286.711 286.56 286.855 287.261 291.362 295.899 261.226 286.671 286.209 286.065 286.267 
29/04/2016-23:56:16 8 8 15 15 15 15 15 15 15 0 0 15 0 0 0 15 15 15 15 0 0 295.186 288.229 287.493 286.804 286.228 285.226 284.605 284.025 284.019 283.964 284.465 284.972 289.905 295.249 258.567 283.978 283.819 283.675 283.671 
29/04/2016-23:56:22 8 11 15 15 15 15 15 15 15 0 0 15 0 0 0 15 15 15 15 0 0 294.889 290.009 289.218 288.472 287.842 286.733 286.035 285.367 285.361 285.264 285.658 286.114 290.631 295.572 259.894 285.321 285.012 284.869 284.971 
29/04/2016-23:56:28 8 13 15 15 15 15 15 15 15 0 0 15 0 0 0 15 15 15 15 0 0 294.715 291.024 290.2 289.42 288.758 287.585 286.84 286.12 286.114 285.988 286.325 286.754 291.039 295.754 260.637 286.073 285.68 285.536 285.695 
29/04/2016-23:56:37 8 13 15 15 15 12 15 15 15 0 0 15 0 0 0 15 15 15 15 0 0 294.81 291.192 290.386 289.624 288.98 287.123 286.403 285.712 285.706 285.596 285.963 286.407 290.818 295.655 260.235 285.665 285.318 285.174 285.303 
29/04/2016-23:56:44 8 13 15 15 15 8 15 15 15 0 0 15 0 0 0 15 15 15 15 0 0 294.983 291.496 290.723 289.994 289.382 286.264 285.59 284.951 284.944 284.862 285.288 285.76 290.406 295.472 259.483 284.904 284.642 284.498 284.569 
29/04/2016-23:56:48 8 13 15 15 15 10 15 15 15 0 0 15 0 0 0 15 15 15 15 0 0 294.892 291.336 290.546 289.799 289.17 286.719 286.021 285.355 285.348 285.252 285.646 286.104 290.624 295.569 259.882 285.308 285.001 284.857 284.959 
29/04/2016-23:56:54 8 13 15 15 15 12 15 15 15 0 0 15 0 0 0 15 15 15 15 0 0 294.81 291.192 290.386 289.624 288.98 287.123 286.403 285.712 285.706 285.596 285.963 286.407 290.818 295.655 260.235 285.665 285.318 285.174 285.303 
29/04/2016-23:57:16 8 13 15 15 15 12 15 15 15 0 0 12 0 0 0 15 15 15 15 0 0 294.781 291.141 290.33 289.562 288.913 287.039 286.311 285.611 285.605 285.491 285.849 286.513 290.885 295.685 260.132 285.564 285.203 285.06 285.197 
29/04/2016-23:57:23 8 13 15 15 15 12 15 15 15 0 0 8 0 0 0 15 15 15 15 0 0 294.733 291.055 290.235 289.458 288.8 286.896 286.156 285.441 285.435 285.312 285.655 286.689 290.997 295.736 259.959 285.394 285.01 284.866 285.019 
29/04/2016-23:57:31 8 13 15 15 15 12 15 15 15 0 0 10 0 0 0 15 15 15 15 0 0 294.758 291.1 290.284 289.512 288.858 286.97 286.236 285.529 285.523 285.404 285.755 286.598 290.939 295.71 260.049 285.482 285.11 284.966 285.111 
29/04/2016-23:57:40 8 13 15 15 8 12 15 15 15 0 0 10 0 0 0 15 15 15 15 0 0 294.907 291.362 290.575 289.832 288.014 286.215 285.521 284.859 284.852 284.758 285.158 286.048 290.589 295.553 259.387 284.812 284.512 284.369 284.465 
29/04/2016-23:57:46 8 13 15 15 10 12 15 15 15 0 0 10 0 0 0 15 15 15 15 0 0 294.855 291.27 290.473 289.72 288.312 286.482 285.774 285.096 285.09 284.987 285.37 286.243 290.713 295.609 259.621 285.049 284.724 284.58 284.694 
29/04/2016-23:57:52 8 13 15 15 11 12 15 15 15 0 0 10 0 0 0 15 15 15 15 0 0 294.831 291.228 290.427 289.668 288.447 286.603 285.888 285.204 285.197 285.091 285.465 286.331 290.769 295.634 259.727 285.157 284.82 284.676 284.798 
29/04/2016-23:57:57 8 13 15 15 13 12 15 15 15 0 0 10 0 0 0 15 15 15 15 0 0 294.79 291.156 290.346 289.58 288.679 286.81 286.085 285.388 285.381 285.268 285.629 286.482 290.865 295.677 259.909 285.341 284.984 284.84 284.975 
29/04/2016-23:58:03 8 13 15 15 13 12 15 15 15 0 0 12 0 0 0 15 15 15 15 0 0 294.813 291.197 290.392 289.63 288.736 286.88 286.161 285.471 285.465 285.356 285.724 286.396 290.81 295.652 259.994 285.424 285.079 284.935 285.063 
29/04/2016-23:58:10 8 13 15 15 15 12 15 15 15 0 0 12 0 0 0 15 15 15 15 0 0 294.781 291.141 290.33 289.562 288.913 287.039 286.311 285.611 285.605 285.491 285.849 286.513 290.885 295.685 260.132 285.564 285.203 285.06 285.197 
29/04/2016-23:58:46 8 13 15 15 15 12 15 15 15 0 0 12 0 0 0 9 15 15 15 0 0 294.781 291.141 290.33 289.562 288.913 287.039 286.311 285.611 285.605 285.491 285.849 286.513 290.885 295.685 260.132 285.336 285.203 285.06 285.197 
29/04/2016-23:58:56 8 13 15 15 15 12 15 15 15 0 0 12 0 0 0 4 15 15 15 0 0 294.781 291.141 290.33 289.562 288.913 287.039 286.311 285.611 285.605 285.491 285.849 286.513 290.885 295.685 260.132 283.593 285.203 285.06 285.197 
29/04/2016-23:59:03 8 13 15 15 15 12 15 15 4 0 0 12 0 0 0 4 15 15 15 0 0 294.781 291.141 290.33 289.562 288.913 287.039 286.311 285.611 285.584 285.491 285.849 286.513 290.885 295.685 260.132 283.572 285.203 285.06 285.197 
29/04/2016-23:59:16 8 13 15 15 15 12 15 15 4 0 0 12 0 0 0 1 15 15 15 0 0 294.781 291.141 290.33 289.562 288.913 287.039 286.311 285.611 285.584 285.491 285.849 286.513 290.885 295.685 260.132 280.08 285.203 285.06 285.197 
29/04/2016-23:59:21 8 13 15 15 15 12 15 15 1 0 0 12 0 0 0 1 15 15 15 0 0 294.781 291.141 290.33 289.562 288.913 287.039 286.311 285.611 285.581 285.491 285.849 286.513 290.885 295.685 260.132 280.077 285.203 285.06 285.197 
29/04/2016-23:59:31 8 13 15 15 15 12 15 15 1 0 0 12 0 0 0 1 15 1 15 0 0 294.781 291.141 290.33 289.562 288.913 287.039 286.311 285.611 285.581 285.491 285.849 286.513 290.885 295.685 260.132 280.077 285.203 246.217 285.197 
29/04/2016-23:59:38 8 13 15 15 15 12 15 15 1 0 0 12 0 0 0 1 15 5 15 0 0 294.781 291.141 290.33 289.562 288.913 287.039 286.311 285.611 285.581 285.491 285.849 286.513 290.885 295.685 260.132 280.077 285.203 279.069 285.197 
29/04/2016-23:59:43 8 13 15 15 15 12 15 15 1 0 0 12 0 0 0 1 15 3 15 0 0 294.781 291.141 290.33 289.562 288.913 287.039 286.311 285.611 285.581 285.491 285.849 286.513 290.885 295.685 260.132 280.077 285.203 268.61 285.197 
29/04/2016-23:59:48 8 13 15 15 15 12 15 15 1 0 0 12 0 0 0 1 15 2 15 0 0 294.781 291.141 290.33 289.562 288.913 287.039 286.311 285.611 285.581 285.491 285.849 286.513 290.885 295.685 260.132 280.077 285.203 258.793 285.197 
29/04/2016-23:59:53 8 13 15 15 15 12 15 15 1 0 0 12 0 0 0 1 15 1 15 0 0 294.781 291.141 290.33 289.562 288.913 287.039 286.311 285.611 285.581 285.491 285.849 286.513 290.885 295.685 260.132 280.077 285.203 246.217 285.197 
30/04/2016-00:00:01 8 13 15 15 15 12 15 15 1 0 0 12 0 0 0 1 2 2 15 0 0 294.781 291.141 290.33 289.562 288.913 287.039 286.311 285.611 285.581 285.491 285.849 286.513 290.885 295.685 260.132 280.077 218.98 192.57 285.197 
30/04/2016-00:00:07 8 13 15 15 15 12 15 15 1 0 0 12 0 0 0 1 3 2 15 0 0 294.781 291.141 290.33 289.562 288.913 287.039 286.311 285.611 285.581 285.491 285.849 286.513 290.885 295.685 260.132 280.077 238.467 212.057 285.197 
30/04/2016-00:00:12 8 13 15 15 15 12 15 15 1 0 0 12 0 0 0 1 5 2 15 0 0 294.781 291.141 290.33 289.562 288.913 287.039 286.311 285.611 285.581 285.491 285.849 286.513 290.885 295.685 260.132 280.077 264.653 238.243 285.197 
30/04/2016-00:00:19 8 13 15 15 15 12 15 15 1 0 0 12 0 0 0 1 5 3 15 0 0 294.781 291.141 290.33 289.562 288.913 287.039 286.311 285.611 285.581 285.491 285.849 286.513 290.885 295.685 260.132 280.077 264.653 248.06 285.197 
30/04/2016-00:00:23 8 13 15 15 15 12 15 15 1 0 0 12 0 0 0 1 5 4 15 0 0 294.781 291.141 290.33 289.562 288.913 287.039 286.311 285.611 285.581 285.491 285.849 286.513 290.885 295.685 260.132 280.077 264.653 254.556 285.197 
30/04/2016-00:00:29 8 13 15 15 15 12 15 15 1 0 0 12 0 0 0 1 5 5 15 0 0 294.781 291.141 290.33 289.562 288.913 287.039 286.311 285.611 285.581 285.491 285.849 286.513 290.885 295.685 260.132 280.077 264.653 258.518 285.197 
30/04/2016-00:00:48 8 13 15 15 15 12 15 4 1 0 0 12 0 0 0 1 5 5 15 0 0 295.361 292.161 291.457 290.801 290.257 288.724 288.147 282.916 282.885 282.876 283.446 284.261 289.453 295.048 257.464 277.381 262.251 256.116 282.582 
30/04/2016-00:00:53 8 13 15 15 15 12 15 6 1 0 0 12 0 0 0 1 5 5 15 0 0 295.217 291.908 291.178 290.494 289.924 288.307 287.694 283.616 283.586 283.559 284.072 284.847 289.825 295.213 258.159 278.082 262.876 256.741 283.266 
30/04/2016-00:01:01 8 13 15 15 15 12 15 6 1 0 0 12 0 0 0 1 5 5 15 0 3 295.216 291.905 291.174 290.491 289.92 288.303 287.689 283.608 283.577 283.567 284.079 284.853 289.829 295.215 270.147 278.073 262.883 256.748 283.312 
30/04/2016-00:01:17 8 13 15 15 15 12 6 6 1 0 0 12 0 0 0 1 5 5 15 0 3 295.539 292.473 291.803 291.18 290.668 289.237 285.441 282.01 281.979 281.997 282.644 283.509 288.977 294.836 268.555 276.475 261.448 255.314 281.742 
30/04/2016-00:01:31 8 13 15 15 15 6 6 6 1 0 0 12 0 0 0 1 5 5 15 0 3 295.68 292.72 292.075 291.48 290.992 287.987 284.44 281.28 281.25 281.275 281.988 282.895 288.588 294.664 267.828 275.746 260.792 254.657 281.02 
30/04/2016-00:01:41 8 13 15 15 15 6 6 6 1 0 0 12 0 0 0 1 5 4 15 0 3 295.68 292.72 292.075 291.48 290.992 287.987 284.44 281.28 281.25 281.275 281.988 282.895 288.588 294.664 267.828 275.746 260.792 250.695 281.02 
30/04/2016-00:01:48 8 13 15 15 15 8 6 6 1 0 0 12 0 0 0 1 5 4 15 0 3 295.631 292.634 291.98 291.375 290.878 288.426 284.793 281.538 281.508 281.531 282.22 283.112 288.726 294.725 268.085 276.004 261.024 250.927 281.276 
30/04/2016-00:01:53 8 13 15 15 15 8 6 6 1 0 0 12 0 0 0 1 5 5 15 0 3 295.631 292.634 291.98 291.375 290.878 288.426 284.793 281.538 281.508 281.531 282.22 283.112 288.726 294.725 268.085 276.004 261.024 254.89 281.276 
30/04/2016-00:01:59 8 13 15 15 15 8 8 6 1 0 0 12 0 0 0 1 5 5 15 0 3 295.527 292.452 291.779 291.155 290.64 288.084 285.526 282.071 282.04 282.057 282.699 283.561 289.01 294.851 268.616 276.536 261.503 255.369 281.802 
30/04/2016-00:02:05 8 13 15 15 6 8 8 6 1 0 0 12 0 0 0 1 5 5 15 0 3 295.64 292.649 291.997 291.394 289.597 287.154 284.729 281.492 281.462 281.485 282.178 283.073 288.701 294.714 268.039 275.957 260.983 254.848 281.23 
30/04/2016-00:02:11 8 13 15 15 8 8 8 6 1 0 0 12 0 0 0 1 5 5 15 0 3 295.61 292.597 291.939 291.33 289.878 287.404 284.944 281.649 281.618 281.64 282.319 283.205 288.785 294.751 268.195 276.114 261.124 254.989 281.385 
30/04/2016-00:02:18 8 13 15 15 10 8 8 6 1 0 0 12 0 0 0 1 5 5 15 0 3 295.58 292.545 291.882 291.268 290.149 287.646 285.151 281.799 281.769 281.789 282.455 283.332 288.865 294.786 268.345 276.265 261.259 255.125 281.534 
30/04/2016-00:02:24 8 13 15 10 10 8 8 6 1 0 0 12 0 0 0 1 5 5 15 0 3 295.642 292.654 292.002 290.668 289.573 287.133 284.711 281.479 281.448 281.471 282.166 283.062 288.694 294.71 268.026 275.944 260.971 254.836 281.217 
30/04/2016-00:02:30 8 13 15 12 10 8 8 6 1 0 0 12 0 0 0 1 5 5 15 0 3 295.613 292.603 291.945 290.952 289.846 287.376 284.92 281.631 281.6 281.622 282.303 283.19 288.775 294.747 268.178 276.096 261.108 254.973 281.368 
30/04/2016-00:02:35 8 13 15 13 10 8 8 6 1 0 0 12 0 0 0 1 5 5 15 0 3 295.601 292.581 291.921 291.072 289.961 287.479 285.008 281.695 281.665 281.686 282.361 283.244 288.809 294.762 268.242 276.161 261.165 255.031 281.431 
30/04/2016-00:02:49 8 11 15 13 10 8 8 6 1 0 0 12 0 0 0 1 5 5 15 0 3 295.693 291.646 291.003 290.178 289.103 286.713 284.35 281.215 281.184 281.21 281.928 282.839 288.553 294.648 267.762 275.68 260.733 254.598 280.955 
30/04/2016-00:02:59 10 11 15 13 10 8 8 6 1 0 0 12 0 0 0 1 5 5 15 0 3 296.65 292.515 291.857 291.009 289.901 287.425 284.961 281.662 281.631 281.652 282.331 283.216 288.792 294.754 268.208 276.127 261.135 255.001 281.398 
30/04/2016-00:03:08 10 11 10 13 10 8 8 6 1 0 0 12 0 0 0 1 5 5 15 0 3 296.7 292.633 291.202 290.372 289.289 286.879 284.493 281.319 281.289 281.313 282.023 282.927 288.609 294.673 267.866 275.785 260.827 254.692 281.059 
30/04/2016-00:03:17 10 11 10 10 10 8 8 6 1 0 0 12 0 0 0 1 5 5 15 0 3 296.73 292.704 291.289 289.985 288.917 286.547 284.207 281.11 281.079 281.105 281.834 282.75 288.497 294.623 267.657 275.575 260.638 254.503 280.851 
30/04/2016-00:03:26 12 11 10 10 10 8 8 6 1 0 0 12 0 0 0 1 5 5 15 0 3 297.548 293.45 292.006 290.672 289.577 287.136 284.714 281.481 281.45 281.474 282.168 283.064 288.695 294.711 268.028 275.946 260.973 254.838 281.219 
30/04/2016-00:03:41 12 11 10 10 10 10 8 6 1 0 0 12 0 0 0 1 5 5 15 0 3 297.521 293.372 291.909 290.554 289.44 287.541 285.061 281.734 281.703 281.724 282.396 283.277 288.83 294.771 268.28 276.199 261.2 255.066 281.47 
30/04/2016-00:03:56 12 11 10 10 10 10 8 6 1 0 0 12 0 0 0 1 5 5 10 0 3 297.521 293.372 291.909 290.554 289.44 287.541 285.061 281.734 281.703 281.724 282.396 283.277 288.83 294.771 268.041 276.199 261.201 255.066 280.487 
30/04/2016-00:04:02 12 11 10 10 10 10 8 6 1 0 0 12 0 0 0 1 5 5 4 0 3 297.521 293.371 291.907 290.553 289.439 287.539 285.058 281.73 281.699 281.727 282.399 283.28 288.832 294.772 263.873 276.195 261.203 255.069 267.072 
30/04/2016-00:04:18 12 11 10 10 10 10 8 6 1 0 0 8 0 0 0 1 5 5 4 0 3 297.497 293.302 291.821 290.449 289.318 287.385 284.853 281.441 281.411 281.438 282.09 283.466 288.95 294.824 263.584 275.907 260.894 254.759 266.783 
30/04/2016-00:04:24 12 11 10 10 10 10 8 6 1 0 0 10 0 0 0 1 5 5 4 0 3 297.509 293.338 291.866 290.502 289.38 287.465 284.959 281.591 281.56 281.588 282.25 283.37 288.889 294.797 263.734 276.056 261.054 254.92 266.933 
30/04/2016-00:04:32 12 11 10 10 10 10 8 6 1 0 0 12 0 0 0 1 5 5 4 0 3 297.521 293.371 291.907 290.553 289.439 287.539 285.058 281.73 281.699 281.727 282.399 283.28 288.832 294.772 263.873 276.195 261.203 255.069 267.072 
30/04/2016-00:04:37 12 11 10 10 10 10 8 6 1 0 0 11 0 0 0 1 5 5 4 0 3 297.515 293.355 291.887 290.528 289.41 287.503 285.01 281.662 281.632 281.66 282.327 283.324 288.86 294.784 263.805 276.128 261.131 254.996 267.005 
30/04/2016-00:04:42 12 11 10 10 10 10 8 6 1 0 0 12 0 0 0 1 5 5 4 0 3 297.521 293.371 291.907 290.553 289.439 287.539 285.058 281.73 281.699 281.727 282.399 283.28 288.832 294.772 263.873 276.195 261.203 255.069 267.072 
30/04/2016-00:05:18 12 11 10 10 10 10 8 6 1 0 0 12 0 0 0 1 5 5 2 0 3 297.521 293.37 291.907 290.552 289.438 287.538 285.057 281.728 281.697 281.729 282.401 283.281 288.833 294.772 256.26 276.193 261.205 255.07 254.553 
30/04/2016-00:05:23 12 11 10 10 10 10 8 6 1 0 0 12 0 0 0 1 5 5 3 0 3 297.521 293.371 291.907 290.552 289.438 287.538 285.057 281.729 281.698 281.728 282.4 283.281 288.832 294.772 260.655 276.194 261.204 255.07 260.886 
30/04/2016-00:05:32 12 11 10 10 10 10 8 6 1 0 0 12 0 0 0 1 5 5 3 0 2 297.521 293.371 291.907 290.552 289.438 287.539 285.058 281.73 281.699 281.728 282.399 283.28 288.832 294.772 255.763 276.195 261.204 255.069 258.225 
30/04/2016-00:05:38 12 11 10 10 10 10 8 6 1 0 0 12 0 0 0 1 5 5 3 0 3 297.521 293.371 291.907 290.552 289.438 287.538 285.057 281.729 281.698 281.728 282.4 283.281 288.832 294.772 260.655 276.194 261.204 255.07 260.886 
30/04/2016-00:05:49 12 11 10 10 10 10 8 4 1 0 0 12 0 0 0 1 5 5 3 0 3 297.577 293.532 292.109 290.797 289.722 287.899 285.537 281.205 281.175 281.206 281.925 282.836 288.551 294.647 260.132 275.671 260.729 254.595 260.363 
30/04/2016-00:06:04 12 11 10 10 10 10 8 5 1 0 0 12 0 0 0 1 5 5 3 0 3 297.55 293.453 292.01 290.677 289.583 287.723 285.303 281.463 281.432 281.463 282.158 283.054 288.689 294.708 260.389 275.928 260.963 254.828 260.62 
30/04/2016-00:06:10 12 11 10 10 10 10 8 6 1 0 0 12 0 0 0 1 5 5 3 0 3 297.521 293.371 291.907 290.552 289.438 287.538 285.057 281.729 281.698 281.728 282.4 283.281 288.832 294.772 260.655 276.194 261.204 255.07 260.886 
30/04/2016-00:06:15 12 11 10 10 10 10 6 6 1 0 0 12 0 0 0 1 5 5 3 0 3 297.576 293.527 292.103 290.79 289.714 287.889 284.36 281.22 281.19 281.221 281.938 282.849 288.559 294.651 260.147 275.686 260.743 254.608 260.378 
30/04/2016-00:06:20 12 11 10 10 10 10 7 6 1 0 0 12 0 0 0 1 5 5 3 0 3 297.547 293.446 292.002 290.666 289.571 287.707 284.723 281.486 281.455 281.486 282.179 283.074 288.702 294.714 260.412 275.951 260.984 254.849 260.643 
30/04/2016-00:06:26 12 11 10 10 10 10 8 6 1 0 0 12 0 0 0 1 5 5 3 0 3 297.521 293.371 291.907 290.552 289.438 287.538 285.057 281.729 281.698 281.728 282.4 283.281 288.832 294.772 260.655 276.194 261.204 255.07 260.886 
30/04/2016-00:06:36 12 11 10 10 10 8 8 6 1 0 0 12 0 0 0 1 5 5 3 0 3 297.548 293.449 292.005 290.671 289.576 287.134 284.711 281.477 281.446 281.477 282.171 283.066 288.697 294.712 260.403 275.942 260.975 254.841 260.634 
30/04/2016-00:06:42 12 11 10 10 10 9 8 6 1 0 0 12 0 0 0 1 5 5 3 0 3 297.534 293.409 291.955 290.61 289.506 287.34 284.888 281.605 281.575 281.605 282.288 283.176 288.766 294.743 260.532 276.071 261.092 254.958 260.762 
30/04/2016-00:06:52 12 11 10 10 10 10 8 6 1 0 0 12 0 0 0 1 5 5 3 0 3 297.521 293.371 291.907 290.552 289.438 287.538 285.057 281.729 281.698 281.728 282.4 283.281 288.832 294.772 260.655 276.194 261.204 255.07 260.886 
30/04/2016-11:04:39 12 11 10 10 8 10 8 6 1 0 0 12 0 0 0 1 5 5 3 0 3 297.537 293.417 291.965 290.622 289.176 287.299 284.852 281.58 281.549 281.58 282.265 283.154 288.752 294.736 260.506 276.045 261.069 254.934 260.737 
30/04/2016-11:05:20 12 11 10 10 8 10 8 6 1 4 4 12 0 0 0 1 5 5 3 0 3 297.54 293.427 291.978 290.638 289.195 287.322 284.883 281.623 281.592 281.623 282.235 283.126 288.735 294.729 260.549 276.088 261.039 254.905 260.78 
30/04/2016-11:07:53 0 0 0 0 0 0 0 0 0 0 0 0 0 0 0 0 0 0 0 0 0 294.434 286.729 284.485 282.513 280.998 278.643 275.2 272.696 272.664 272.842 274.214 277.308 285.065 293.106 211.476 265.401 158.564 98.6693 210.109 
30/04/2016-11:09:39 15 15 15 15 15 15 15 15 15 15 15 15 15 15 15 15 15 15 15 15 15 298.65 296.74 296.168 295.648 295.23 294.538 294.138 293.799 293.793 293.802 294.057 294.742 296.51 298.376 293.571 293.752 293.411 293.268 293.583 
30/04/2016-11:26:22 0 0 0 0 0 0 0 0 0 0 0 0 0 0 0 0 0 0 0 0 0 294.434 286.729 284.485 282.513 280.998 278.643 275.2 272.696 272.664 272.842 274.214 277.308 285.065 293.106 211.476 265.401 158.564 98.6693 210.109 
30/04/2016-11:27:01 0 0 15 0 0 0 0 0 0 0 15 0 0 0 0 0 15 0 15 0 0 294.374 286.575 286.122 284.119 282.576 280.168 276.626 274.023 273.992 274.075 274.448 277.508 285.191 293.161 248.603 266.729 273.803 213.909 273.782 
30/04/2016-11:34:04 15 15 15 15 15 15 15 15 0 0 15 0 0 0 0 0 15 0 15 0 0 297.895 294.788 293.81 292.867 292.052 290.569 289.595 288.612 288.581 288.309 288.346 289.474 292.778 296.533 263.072 281.318 287.701 227.807 288.017 
30/04/2016-11:34:43 0 0 0 0 0 0 0 0 0 0 0 0 0 0 0 0 0 0 0 0 0 294.434 286.729 284.485 282.513 280.998 278.643 275.2 272.696 272.664 272.842 274.214 277.308 285.065 293.106 211.476 265.401 158.564 98.6693 210.109 
30/04/2016-11:37:52 0 0 0 0 0 0 0 0 0 0 0 0 0 0 0 0 0 0 0 0 0 294.434 286.729 284.485 282.513 280.998 278.643 275.2 272.696 272.664 272.842 274.214 277.308 285.065 293.106 211.476 265.401 158.564 98.6693 210.109 
30/04/2016-11:37:54 15 15 15 15 15 15 15 15 15 15 15 15 15 15 15 15 15 15 15 15 15 298.65 296.74 296.168 295.648 295.23 294.538 294.138 293.799 293.793 293.802 294.057 294.742 296.51 298.376 293.571 293.752 293.411 293.268 293.583 
30/04/2016-11:38:18 15 15 0 15 15 15 15 15 15 15 15 15 15 15 15 15 15 15 15 15 15 298.816 297.164 294.726 294.294 293.957 293.421 293.127 292.901 292.895 292.917 293.254 294.054 296.077 298.184 292.679 292.854 292.609 292.465 292.693 
30/04/2016-11:38:32 15 15 0 15 15 15 15 15 15 15 15 15 15 0 15 15 15 15 15 15 15 298.498 296.349 293.074 292.472 291.977 291.136 290.629 290.176 290.17 290.176 290.368 290.96 292.52 298.535 289.946 290.13 289.723 289.579 289.958 
30/04/2016-11:42:12 0 0 0 0 0 0 0 0 0 0 0 0 0 0 0 0 0 0 0 0 0 294.434 286.729 284.485 282.513 280.998 278.643 275.2 272.696 272.664 272.842 274.214 277.308 285.065 293.106 211.476 265.401 158.564 98.6693 210.109 
30/04/2016-12:24:05 15 15 15 15 15 15 15 15 15 15 15 15 15 15 15 15 15 15 15 15 15 298.65 296.74 296.168 295.648 295.23 294.538 294.138 293.799 293.793 293.802 294.057 294.742 296.51 298.376 293.571 293.752 293.411 293.268 293.583 
30/04/2016-12:24:08 0 0 0 0 0 0 0 0 0 0 0 0 0 0 0 0 0 0 0 0 0 294.434 286.729 284.485 282.513 280.998 278.643 275.2 272.696 272.664 272.842 274.214 277.308 285.065 293.106 211.476 265.401 158.564 98.6693 210.109 
30/04/2016-12:25:08 15 15 15 15 15 15 15 15 15 15 15 15 15 15 15 15 15 15 15 15 15 298.65 296.74 296.168 295.648 295.23 294.538 294.138 293.799 293.793 293.802 294.057 294.742 296.51 298.376 293.571 293.752 293.411 293.268 293.583 
30/04/2016-12:25:11 0 0 0 0 0 0 0 0 0 0 0 0 0 0 0 0 0 0 0 0 0 294.434 286.729 284.485 282.513 280.998 278.643 275.2 272.696 272.664 272.842 274.214 277.308 285.065 293.106 211.476 265.401 158.564 98.6693 210.109 
06/05/2016-19:37:49 15 15 15 15 15 15 15 15 15 15 15 15 15 15 15 15 15 15 15 15 15 298.65 296.74 296.168 295.648 295.23 294.538 294.138 293.799 293.793 293.802 294.057 294.742 296.51 298.376 293.571 293.752 293.411 293.268 293.583 
06/05/2016-19:38:00 15 15 15 15 15 15 15 15 15 15 15 0 0 15 15 15 15 15 15 15 15 298.246 295.699 294.912 294.17 293.544 292.443 291.75 291.089 291.083 291.073 291.184 292.845 297.391 298.767 290.851 291.042 290.538 290.395 290.86 
06/05/2016-19:38:08 15 15 15 15 15 15 15 15 15 15 15 0 0 0 0 15 15 15 15 15 15 297.881 294.752 293.767 292.815 291.992 290.494 289.508 288.513 288.506 288.451 288.486 289.596 292.856 296.568 288.251 288.466 287.841 287.697 288.255 
